22:58:54.413 [DEBUG] [org.gradle.launcher.daemon.bootstrap.DaemonMain] Assuming the daemon was started with following jvm opts: [-XX:+HeapDumpOnOutOfMemoryError, -Xmx1024m, -Dfile.encoding=UTF-8, -Duser.country, -Duser.language=en, -Duser.variant]
22:58:55.200 [INFO] [org.gradle.launcher.daemon.server.Daemon] start() called on daemon - DefaultDaemonContext[uid=1a4fb76a-f22d-45ec-95c0-318003da54c9,javaHome=/opt/jdk1.8.0_172,daemonRegistryDir=/nba-api/cache/daemon,pid=32,idleTimeout=10800000,daemonOpts=-XX:+HeapDumpOnOutOfMemoryError,-Xmx1024m,-Dfile.encoding=UTF-8,-Duser.country,-Duser.language=en,-Duser.variant]
22:58:55.381 [DEBUG] [org.gradle.internal.remote.internal.inet.InetAddresses] Adding IP addresses for network interface eth0
22:58:55.397 [DEBUG] [org.gradle.internal.remote.internal.inet.InetAddresses] Is this a loopback interface? false
22:58:55.414 [DEBUG] [org.gradle.internal.remote.internal.inet.InetAddresses] Is this a multicast interface? true
22:58:55.432 [DEBUG] [org.gradle.internal.remote.internal.inet.InetAddresses] Adding remote address /172.21.0.5
22:58:55.454 [DEBUG] [org.gradle.internal.remote.internal.inet.InetAddresses] Adding remote multicast interface eth0
22:58:55.463 [DEBUG] [org.gradle.internal.remote.internal.inet.InetAddresses] Adding IP addresses for network interface lo
22:58:55.486 [DEBUG] [org.gradle.internal.remote.internal.inet.InetAddresses] Is this a loopback interface? true
22:58:55.539 [DEBUG] [org.gradle.internal.remote.internal.inet.InetAddresses] Is this a multicast interface? false
22:58:55.583 [DEBUG] [org.gradle.internal.remote.internal.inet.InetAddresses] Adding loopback address /127.0.0.1
22:58:55.610 [DEBUG] [org.gradle.internal.remote.internal.inet.TcpIncomingConnector] Listening on [5bfd694f-f11d-44cb-81ef-c6bbb2657a7d port:36779, addresses:[/127.0.0.1]].
22:58:55.650 [DEBUG] [org.gradle.launcher.daemon.server.Daemon] Daemon starting at: Thu Jun 14 22:58:55 GMT 2018, with address: [5bfd694f-f11d-44cb-81ef-c6bbb2657a7d port:36779, addresses:[/127.0.0.1]]
22:58:55.659 [INFO] [org.gradle.launcher.daemon.server.DaemonRegistryUpdater] Advertising the daemon address to the clients: [5bfd694f-f11d-44cb-81ef-c6bbb2657a7d port:36779, addresses:[/127.0.0.1]]
22:58:55.673 [DEBUG] [org.gradle.launcher.daemon.server.DaemonRegistryUpdater] Advertised daemon context: DefaultDaemonContext[uid=1a4fb76a-f22d-45ec-95c0-318003da54c9,javaHome=/opt/jdk1.8.0_172,daemonRegistryDir=/nba-api/cache/daemon,pid=32,idleTimeout=10800000,daemonOpts=-XX:+HeapDumpOnOutOfMemoryError,-Xmx1024m,-Dfile.encoding=UTF-8,-Duser.country,-Duser.language=en,-Duser.variant]
22:58:55.711 [DEBUG] [org.gradle.launcher.daemon.registry.PersistentDaemonRegistry] Storing daemon address: [5bfd694f-f11d-44cb-81ef-c6bbb2657a7d port:36779, addresses:[/127.0.0.1]], context: DefaultDaemonContext[uid=1a4fb76a-f22d-45ec-95c0-318003da54c9,javaHome=/opt/jdk1.8.0_172,daemonRegistryDir=/nba-api/cache/daemon,pid=32,idleTimeout=10800000,daemonOpts=-XX:+HeapDumpOnOutOfMemoryError,-Xmx1024m,-Dfile.encoding=UTF-8,-Duser.country,-Duser.language=en,-Duser.variant]
22:58:55.793 [DEBUG] [org.gradle.cache.internal.DefaultFileLockManager] Waiting to acquire exclusive lock on daemon addresses registry.
22:58:55.813 [DEBUG] [org.gradle.cache.internal.DefaultFileLockManager] Lock acquired on daemon addresses registry.
22:58:55.894 [DEBUG] [org.gradle.cache.internal.DefaultFileLockManager] Releasing lock on daemon addresses registry.
22:58:55.909 [LIFECYCLE] [org.gradle.launcher.daemon.server.Daemon] Daemon server started.
22:58:55.933 [DEBUG] [org.gradle.launcher.daemon.bootstrap.DaemonStartupCommunication] Completed writing the daemon greeting. Closing streams...
22:58:55.966 [DEBUG] [org.gradle.internal.remote.internal.inet.TcpIncomingConnector] Accepted connection from /127.0.0.1:51232 to /127.0.0.1:36779.
22:58:56.016 [DEBUG] [org.gradle.launcher.daemon.server.Daemon] stopOnExpiration() called on daemon
22:58:56.045 [DEBUG] [org.gradle.launcher.daemon.server.Daemon] awaitExpiration() called on daemon
22:58:56.057 [DEBUG] [org.gradle.launcher.daemon.server.DaemonStateCoordinator] daemon is running. Sleeping until state changes.
22:58:56.668 [DEBUG] [org.gradle.launcher.daemon.server.SynchronizedDispatchConnection] thread 15: received class org.gradle.launcher.daemon.protocol.Build
22:58:56.702 [DEBUG] [org.gradle.launcher.daemon.server.DefaultDaemonConnection] thread 15: Received non-IO message from client: Build{id=e92e6de2-6448-436c-b884-4f95e13ab3cc.1, currentDir=/nba-api}
22:58:56.722 [INFO] [org.gradle.launcher.daemon.server.DefaultIncomingConnectionHandler] Received command: Build{id=e92e6de2-6448-436c-b884-4f95e13ab3cc.1, currentDir=/nba-api}.
22:58:56.730 [DEBUG] [org.gradle.launcher.daemon.server.DefaultIncomingConnectionHandler] Starting executing command: Build{id=e92e6de2-6448-436c-b884-4f95e13ab3cc.1, currentDir=/nba-api} with connection: socket connection from /127.0.0.1:36779 to /127.0.0.1:51232.
22:58:56.799 [ERROR] [org.gradle.launcher.daemon.server.DaemonStateCoordinator] Command execution: started DaemonCommandExecution[command = Build{id=e92e6de2-6448-436c-b884-4f95e13ab3cc.1, currentDir=/nba-api}, connection = DefaultDaemonConnection: socket connection from /127.0.0.1:36779 to /127.0.0.1:51232] after 0.0 minutes of idle
22:58:56.809 [INFO] [org.gradle.launcher.daemon.server.DaemonRegistryUpdater] Marking the daemon as busy, address: [5bfd694f-f11d-44cb-81ef-c6bbb2657a7d port:36779, addresses:[/127.0.0.1]]
22:58:56.828 [DEBUG] [org.gradle.launcher.daemon.registry.PersistentDaemonRegistry] Marking busy by address: [5bfd694f-f11d-44cb-81ef-c6bbb2657a7d port:36779, addresses:[/127.0.0.1]]
22:58:56.857 [DEBUG] [org.gradle.cache.internal.DefaultFileLockManager] Waiting to acquire exclusive lock on daemon addresses registry.
22:58:56.886 [DEBUG] [org.gradle.cache.internal.DefaultFileLockManager] Lock acquired on daemon addresses registry.
22:58:57.092 [DEBUG] [org.gradle.cache.internal.DefaultFileLockManager] Releasing lock on daemon addresses registry.
22:58:57.115 [DEBUG] [org.gradle.launcher.daemon.server.DaemonStateCoordinator] resetting idle timer
22:58:57.127 [DEBUG] [org.gradle.launcher.daemon.server.DaemonStateCoordinator] daemon is running. Sleeping until state changes.
22:58:57.129 [INFO] [org.gradle.launcher.daemon.server.exec.StartBuildOrRespondWithBusy] Daemon is about to start building Build{id=e92e6de2-6448-436c-b884-4f95e13ab3cc.1, currentDir=/nba-api}. Dispatching build started information...
22:58:57.157 [DEBUG] [org.gradle.launcher.daemon.server.SynchronizedDispatchConnection] thread 17: dispatching class org.gradle.launcher.daemon.protocol.BuildStarted
22:58:57.238 [DEBUG] [org.gradle.launcher.daemon.server.exec.EstablishBuildEnvironment] Configuring env variables: {PATH=/usr/local/sbin:/usr/local/bin:/usr/sbin:/usr/bin:/sbin:/bin:/opt/jdk/bin, JAVA_JCE=unlimited, SPRING_PROFILES_ACTIVE=dev, JAVA_HOME=/opt/jdk, OLDPWD=/nba-api, GLIBC_VERSION=2.27-r0, LANG=C.UTF-8, JAVA_VERSION_MAJOR=8, GRADLE_USER_HOME=cache, HOSTNAME=4001466d7e1e, GLIBC_REPO=https://github.com/sgerrand/alpine-pkg-glibc, JAVA_VERSION_MINOR=172, PWD=/nba-api, JAVA_PACKAGE=jdk, JAVA_VERSION_BUILD=11, HOME=/root, SHLVL=1}
22:58:57.320 [DEBUG] [org.gradle.launcher.daemon.server.exec.LogToClient] About to start relaying all logs to the client via the connection.
22:58:57.336 [INFO] [org.gradle.launcher.daemon.server.exec.LogToClient] The client will now receive all logging from the daemon (pid: 32). The daemon log file: /nba-api/cache/daemon/4.5.1/daemon-32.out.log
22:58:57.351 [INFO] [org.gradle.launcher.daemon.server.exec.LogAndCheckHealth] Starting build in new daemon [memory: 954.7 MB]
22:58:57.415 [DEBUG] [org.gradle.launcher.daemon.server.SynchronizedDispatchConnection] thread 15: received class org.gradle.launcher.daemon.protocol.CloseInput
22:58:57.479 [DEBUG] [org.gradle.launcher.daemon.server.DefaultDaemonConnection] thread 15: Received IO message from client: org.gradle.launcher.daemon.protocol.CloseInput@4d3a1236
22:58:57.469 [DEBUG] [org.gradle.launcher.daemon.server.exec.ExecuteBuild] The daemon has started executing the build.
22:58:57.503 [INFO] [org.gradle.launcher.daemon.server.exec.ForwardClientInput] Closing daemon's stdin at end of input.
22:58:57.512 [DEBUG] [org.gradle.launcher.daemon.server.exec.ExecuteBuild] Executing build with daemon context: DefaultDaemonContext[uid=1a4fb76a-f22d-45ec-95c0-318003da54c9,javaHome=/opt/jdk1.8.0_172,daemonRegistryDir=/nba-api/cache/daemon,pid=32,idleTimeout=10800000,daemonOpts=-XX:+HeapDumpOnOutOfMemoryError,-Xmx1024m,-Dfile.encoding=UTF-8,-Duser.country,-Duser.language=en,-Duser.variant]
22:58:57.525 [INFO] [org.gradle.launcher.daemon.server.exec.ForwardClientInput] The daemon will no longer process any standard input.
:compileJava
:processResources
:classes
:bootRun
23:00:24.792 [main] DEBUG org.springframework.boot.devtools.settings.DevToolsSettings - Included patterns for restart : []
23:00:24.837 [main] DEBUG org.springframework.boot.devtools.settings.DevToolsSettings - Excluded patterns for restart : [/spring-boot-starter/target/classes/, /spring-boot-autoconfigure/target/classes/, /spring-boot-starter-[\w-]+/, /spring-boot/target/classes/, /spring-boot-actuator/target/classes/, /spring-boot-devtools/target/classes/]
23:00:24.838 [main] DEBUG org.springframework.boot.devtools.restart.ChangeableUrls - Matching URLs for reloading : [file:/nba-api/build/classes/java/main/, file:/nba-api/build/resources/main/]
2018-06-14 23:00:28.751  INFO 77 --- [  restartedMain] s.c.a.AnnotationConfigApplicationContext : Refreshing org.springframework.context.annotation.AnnotationConfigApplicationContext@2d19abc5: startup date [Thu Jun 14 23:00:28 GMT 2018]; root of context hierarchy
2018-06-14 23:00:31.294  INFO 77 --- [  restartedMain] f.a.AutowiredAnnotationBeanPostProcessor : JSR-330 'javax.inject.Inject' annotation found and supported for autowiring
2018-06-14 23:00:32.172  INFO 77 --- [  restartedMain] trationDelegate$BeanPostProcessorChecker : Bean 'configurationPropertiesRebinderAutoConfiguration' of type [org.springframework.cloud.autoconfigure.ConfigurationPropertiesRebinderAutoConfiguration$$EnhancerBySpringCGLIB$$53c185dd] is not eligible for getting processed by all BeanPostProcessors (for example: not eligible for auto-proxying)

  .   ____          _            __ _ _
 /\\ / ___'_ __ _ _(_)_ __  __ _ \ \ \ \
( ( )\___ | '_ | '_| | '_ \/ _` | \ \ \ \
 \\/  ___)| |_)| | | | | || (_| |  ) ) ) )
  '  |____| .__|_| |_|_| |_\__, | / / / /
 =========|_|==============|___/=/_/_/_/
[32m :: Spring Boot :: [39m      [2m (v1.5.8.RELEASE)[0;39m

[2m2018-06-14 23:00:36.043[0;39m [32m INFO[0;39m [35m77[0;39m [2m---[0;39m [2m[  restartedMain][0;39m [36mcom.example.nbaapi.NbaApiApplication    [0;39m [2m:[0;39m The following profiles are active: dev
[2m2018-06-14 23:00:36.264[0;39m [32m INFO[0;39m [35m77[0;39m [2m---[0;39m [2m[  restartedMain][0;39m [36mationConfigEmbeddedWebApplicationContext[0;39m [2m:[0;39m Refreshing org.springframework.boot.context.embedded.AnnotationConfigEmbeddedWebApplicationContext@557868cb: startup date [Thu Jun 14 23:00:36 GMT 2018]; parent: org.springframework.context.annotation.AnnotationConfigApplicationContext@2d19abc5
[2m2018-06-14 23:00:55.259[0;39m [32m INFO[0;39m [35m77[0;39m [2m---[0;39m [2m[  restartedMain][0;39m [36mo.s.cloud.context.scope.GenericScope    [0;39m [2m:[0;39m BeanFactory id=1c9e8799-a9d6-3984-a4b2-63096011a2bb
[2m2018-06-14 23:00:55.472[0;39m [32m INFO[0;39m [35m77[0;39m [2m---[0;39m [2m[  restartedMain][0;39m [36mf.a.AutowiredAnnotationBeanPostProcessor[0;39m [2m:[0;39m JSR-330 'javax.inject.Inject' annotation found and supported for autowiring
[2m2018-06-14 23:00:57.453[0;39m [32m INFO[0;39m [35m77[0;39m [2m---[0;39m [2m[  restartedMain][0;39m [36mtrationDelegate$BeanPostProcessorChecker[0;39m [2m:[0;39m Bean 'org.springframework.transaction.annotation.ProxyTransactionManagementConfiguration' of type [org.springframework.transaction.annotation.ProxyTransactionManagementConfiguration$$EnhancerBySpringCGLIB$$37a782e0] is not eligible for getting processed by all BeanPostProcessors (for example: not eligible for auto-proxying)
[2m2018-06-14 23:00:58.113[0;39m [32m INFO[0;39m [35m77[0;39m [2m---[0;39m [2m[  restartedMain][0;39m [36mtrationDelegate$BeanPostProcessorChecker[0;39m [2m:[0;39m Bean 'org.springframework.cloud.autoconfigure.ConfigurationPropertiesRebinderAutoConfiguration' of type [org.springframework.cloud.autoconfigure.ConfigurationPropertiesRebinderAutoConfiguration$$EnhancerBySpringCGLIB$$53c185dd] is not eligible for getting processed by all BeanPostProcessors (for example: not eligible for auto-proxying)
[2m2018-06-14 23:01:05.445[0;39m [32m INFO[0;39m [35m77[0;39m [2m---[0;39m [2m[  restartedMain][0;39m [36ms.b.c.e.t.TomcatEmbeddedServletContainer[0;39m [2m:[0;39m Tomcat initialized with port(s): 8081 (http)
[2m2018-06-14 23:01:05.671[0;39m [32m INFO[0;39m [35m77[0;39m [2m---[0;39m [2m[  restartedMain][0;39m [36mo.apache.catalina.core.StandardService  [0;39m [2m:[0;39m Starting service [Tomcat]
[2m2018-06-14 23:01:05.683[0;39m [32m INFO[0;39m [35m77[0;39m [2m---[0;39m [2m[  restartedMain][0;39m [36morg.apache.catalina.core.StandardEngine [0;39m [2m:[0;39m Starting Servlet Engine: Apache Tomcat/8.5.23
[2m2018-06-14 23:01:08.135[0;39m [32m INFO[0;39m [35m77[0;39m [2m---[0;39m [2m[ost-startStop-1][0;39m [36mo.a.c.c.C.[Tomcat].[localhost].[/]      [0;39m [2m:[0;39m Initializing Spring embedded WebApplicationContext
[2m2018-06-14 23:01:08.136[0;39m [32m INFO[0;39m [35m77[0;39m [2m---[0;39m [2m[ost-startStop-1][0;39m [36mo.s.web.context.ContextLoader           [0;39m [2m:[0;39m Root WebApplicationContext: initialization completed in 31871 ms
[2m2018-06-14 23:01:10.269[0;39m [32m INFO[0;39m [35m77[0;39m [2m---[0;39m [2m[ost-startStop-1][0;39m [36mo.s.b.w.servlet.ServletRegistrationBean [0;39m [2m:[0;39m Mapping servlet: 'dispatcherServlet' to [/]
[2m2018-06-14 23:01:10.333[0;39m [32m INFO[0;39m [35m77[0;39m [2m---[0;39m [2m[ost-startStop-1][0;39m [36mo.s.b.w.servlet.FilterRegistrationBean  [0;39m [2m:[0;39m Mapping filter: 'characterEncodingFilter' to: [/*]
[2m2018-06-14 23:01:10.336[0;39m [32m INFO[0;39m [35m77[0;39m [2m---[0;39m [2m[ost-startStop-1][0;39m [36mo.s.b.w.servlet.FilterRegistrationBean  [0;39m [2m:[0;39m Mapping filter: 'hiddenHttpMethodFilter' to: [/*]
[2m2018-06-14 23:01:10.336[0;39m [32m INFO[0;39m [35m77[0;39m [2m---[0;39m [2m[ost-startStop-1][0;39m [36mo.s.b.w.servlet.FilterRegistrationBean  [0;39m [2m:[0;39m Mapping filter: 'httpPutFormContentFilter' to: [/*]
[2m2018-06-14 23:01:10.337[0;39m [32m INFO[0;39m [35m77[0;39m [2m---[0;39m [2m[ost-startStop-1][0;39m [36mo.s.b.w.servlet.FilterRegistrationBean  [0;39m [2m:[0;39m Mapping filter: 'requestContextFilter' to: [/*]
[2m2018-06-14 23:01:17.528[0;39m [32m INFO[0;39m [35m77[0;39m [2m---[0;39m [2m[  restartedMain][0;39m [36mj.LocalContainerEntityManagerFactoryBean[0;39m [2m:[0;39m Building JPA container EntityManagerFactory for persistence unit 'default'
[2m2018-06-14 23:01:18.447[0;39m [32m INFO[0;39m [35m77[0;39m [2m---[0;39m [2m[  restartedMain][0;39m [36mo.hibernate.jpa.internal.util.LogHelper [0;39m [2m:[0;39m HHH000204: Processing PersistenceUnitInfo [
	name: default
	...]
[2m2018-06-14 23:01:20.614[0;39m [32m INFO[0;39m [35m77[0;39m [2m---[0;39m [2m[  restartedMain][0;39m [36morg.hibernate.Version                   [0;39m [2m:[0;39m HHH000412: Hibernate Core {5.0.12.Final}
[2m2018-06-14 23:01:20.637[0;39m [32m INFO[0;39m [35m77[0;39m [2m---[0;39m [2m[  restartedMain][0;39m [36morg.hibernate.cfg.Environment           [0;39m [2m:[0;39m HHH000206: hibernate.properties not found
[2m2018-06-14 23:01:20.648[0;39m [32m INFO[0;39m [35m77[0;39m [2m---[0;39m [2m[  restartedMain][0;39m [36morg.hibernate.cfg.Environment           [0;39m [2m:[0;39m HHH000021: Bytecode provider name : javassist
[2m2018-06-14 23:01:23.722[0;39m [32m INFO[0;39m [35m77[0;39m [2m---[0;39m [2m[  restartedMain][0;39m [36mo.hibernate.annotations.common.Version  [0;39m [2m:[0;39m HCANN000001: Hibernate Commons Annotations {5.0.1.Final}
[2m2018-06-14 23:01:27.999[0;39m [32m INFO[0;39m [35m77[0;39m [2m---[0;39m [2m[  restartedMain][0;39m [36morg.hibernate.dialect.Dialect           [0;39m [2m:[0;39m HHH000400: Using dialect: org.hibernate.dialect.PostgreSQLDialect
[2m2018-06-14 23:01:30.352[0;39m [32m INFO[0;39m [35m77[0;39m [2m---[0;39m [2m[  restartedMain][0;39m [36mo.h.e.j.e.i.LobCreatorBuilderImpl       [0;39m [2m:[0;39m HHH000424: Disabling contextual LOB creation as createClob() method threw error : java.lang.reflect.InvocationTargetException
[2m2018-06-14 23:01:30.404[0;39m [32m INFO[0;39m [35m77[0;39m [2m---[0;39m [2m[  restartedMain][0;39m [36morg.hibernate.type.BasicTypeRegistry    [0;39m [2m:[0;39m HHH000270: Type registration [java.util.UUID] overrides previous : org.hibernate.type.UUIDBinaryType@7ce350e6
[2m2018-06-14 23:01:35.941[0;39m [32m INFO[0;39m [35m77[0;39m [2m---[0;39m [2m[  restartedMain][0;39m [36mj.LocalContainerEntityManagerFactoryBean[0;39m [2m:[0;39m Initialized JPA EntityManagerFactory for persistence unit 'default'
[2m2018-06-14 23:01:41.418[0;39m [33m WARN[0;39m [35m77[0;39m [2m---[0;39m [2m[  restartedMain][0;39m [36mc.n.c.sources.URLConfigurationSource    [0;39m [2m:[0;39m No URLs will be polled as dynamic configuration sources.
[2m2018-06-14 23:01:41.420[0;39m [32m INFO[0;39m [35m77[0;39m [2m---[0;39m [2m[  restartedMain][0;39m [36mc.n.c.sources.URLConfigurationSource    [0;39m [2m:[0;39m To enable URLs as dynamic configuration sources, define System property archaius.configurationSource.additionalUrls or make config.properties available on classpath.
[2m2018-06-14 23:01:41.571[0;39m [33m WARN[0;39m [35m77[0;39m [2m---[0;39m [2m[  restartedMain][0;39m [36mc.n.c.sources.URLConfigurationSource    [0;39m [2m:[0;39m No URLs will be polled as dynamic configuration sources.
[2m2018-06-14 23:01:41.572[0;39m [32m INFO[0;39m [35m77[0;39m [2m---[0;39m [2m[  restartedMain][0;39m [36mc.n.c.sources.URLConfigurationSource    [0;39m [2m:[0;39m To enable URLs as dynamic configuration sources, define System property archaius.configurationSource.additionalUrls or make config.properties available on classpath.
[2m2018-06-14 23:01:44.361[0;39m [32m INFO[0;39m [35m77[0;39m [2m---[0;39m [2m[  restartedMain][0;39m [36ms.w.s.m.m.a.RequestMappingHandlerAdapter[0;39m [2m:[0;39m Looking for @ControllerAdvice: org.springframework.boot.context.embedded.AnnotationConfigEmbeddedWebApplicationContext@557868cb: startup date [Thu Jun 14 23:00:36 GMT 2018]; parent: org.springframework.context.annotation.AnnotationConfigApplicationContext@2d19abc5
[2m2018-06-14 23:01:45.270[0;39m [32m INFO[0;39m [35m77[0;39m [2m---[0;39m [2m[  restartedMain][0;39m [36ms.w.s.m.m.a.RequestMappingHandlerMapping[0;39m [2m:[0;39m Mapped "{[/]}" onto public java.lang.String com.example.nbaapi.NbaApiApplication.home()
[2m2018-06-14 23:01:45.332[0;39m [32m INFO[0;39m [35m77[0;39m [2m---[0;39m [2m[  restartedMain][0;39m [36ms.w.s.m.m.a.RequestMappingHandlerMapping[0;39m [2m:[0;39m Mapped "{[/api/games],methods=[GET]}" onto public java.lang.Iterable<com.example.nbaapi.models.Game> com.example.nbaapi.controllers.GamesController.findAllGames()
[2m2018-06-14 23:01:45.338[0;39m [32m INFO[0;39m [35m77[0;39m [2m---[0;39m [2m[  restartedMain][0;39m [36ms.w.s.m.m.a.RequestMappingHandlerMapping[0;39m [2m:[0;39m Mapped "{[/api/games/{alias}],methods=[GET]}" onto public java.lang.Iterable<com.example.nbaapi.models.Game> com.example.nbaapi.controllers.GamesController.findGameByAlias(java.lang.String)
[2m2018-06-14 23:01:45.391[0;39m [32m INFO[0;39m [35m77[0;39m [2m---[0;39m [2m[  restartedMain][0;39m [36ms.w.s.m.m.a.RequestMappingHandlerMapping[0;39m [2m:[0;39m Mapped "{[/api/gameboxscore/{game_id}],methods=[GET],produces=[application/json]}" onto public java.lang.String com.example.nbaapi.controllers.GamesScoreController.getBoxScore(java.lang.String) throws java.io.IOException
[2m2018-06-14 23:01:45.394[0;39m [32m INFO[0;39m [35m77[0;39m [2m---[0;39m [2m[  restartedMain][0;39m [36ms.w.s.m.m.a.RequestMappingHandlerMapping[0;39m [2m:[0;39m Mapped "{[/api/gameboxsummary/{game_id}],methods=[GET],produces=[application/json]}" onto public java.lang.String com.example.nbaapi.controllers.GamesScoreController.getSummary(java.lang.String) throws java.io.IOException
[2m2018-06-14 23:01:45.394[0;39m [32m INFO[0;39m [35m77[0;39m [2m---[0;39m [2m[  restartedMain][0;39m [36ms.w.s.m.m.a.RequestMappingHandlerMapping[0;39m [2m:[0;39m Mapped "{[/api/seasonalstats/{team_id}],methods=[GET],produces=[application/json]}" onto public java.lang.String com.example.nbaapi.controllers.GamesScoreController.getSeasonalStats(java.lang.String) throws java.io.IOException
[2m2018-06-14 23:01:45.395[0;39m [32m INFO[0;39m [35m77[0;39m [2m---[0;39m [2m[  restartedMain][0;39m [36ms.w.s.m.m.a.RequestMappingHandlerMapping[0;39m [2m:[0;39m Mapped "{[/api/seasonalstanding],methods=[GET],produces=[application/json]}" onto public java.lang.String com.example.nbaapi.controllers.GamesScoreController.getSeasonalStanding() throws java.io.IOException
[2m2018-06-14 23:01:45.395[0;39m [32m INFO[0;39m [35m77[0;39m [2m---[0;39m [2m[  restartedMain][0;39m [36ms.w.s.m.m.a.RequestMappingHandlerMapping[0;39m [2m:[0;39m Mapped "{[/api/playbyplay/{game_id}],methods=[GET],produces=[application/json]}" onto public java.lang.String com.example.nbaapi.controllers.GamesScoreController.getPlayByPlay(java.lang.String) throws java.io.IOException
[2m2018-06-14 23:01:45.396[0;39m [32m INFO[0;39m [35m77[0;39m [2m---[0;39m [2m[  restartedMain][0;39m [36ms.w.s.m.m.a.RequestMappingHandlerMapping[0;39m [2m:[0;39m Mapped "{[/api/roster/{team_id}],methods=[GET],produces=[application/json]}" onto public java.lang.String com.example.nbaapi.controllers.GamesScoreController.getRoster(java.lang.String) throws java.io.IOException
[2m2018-06-14 23:01:45.396[0;39m [32m INFO[0;39m [35m77[0;39m [2m---[0;39m [2m[  restartedMain][0;39m [36ms.w.s.m.m.a.RequestMappingHandlerMapping[0;39m [2m:[0;39m Mapped "{[/api/news/{team_name}],methods=[GET],produces=[application/json]}" onto public java.lang.String com.example.nbaapi.controllers.GamesScoreController.getNews(java.lang.String) throws java.io.IOException
[2m2018-06-14 23:01:45.409[0;39m [32m INFO[0;39m [35m77[0;39m [2m---[0;39m [2m[  restartedMain][0;39m [36ms.w.s.m.m.a.RequestMappingHandlerMapping[0;39m [2m:[0;39m Mapped "{[/error],produces=[text/html]}" onto public org.springframework.web.servlet.ModelAndView org.springframework.boot.autoconfigure.web.BasicErrorController.errorHtml(javax.servlet.http.HttpServletRequest,javax.servlet.http.HttpServletResponse)
[2m2018-06-14 23:01:45.410[0;39m [32m INFO[0;39m [35m77[0;39m [2m---[0;39m [2m[  restartedMain][0;39m [36ms.w.s.m.m.a.RequestMappingHandlerMapping[0;39m [2m:[0;39m Mapped "{[/error]}" onto public org.springframework.http.ResponseEntity<java.util.Map<java.lang.String, java.lang.Object>> org.springframework.boot.autoconfigure.web.BasicErrorController.error(javax.servlet.http.HttpServletRequest)
[2m2018-06-14 23:01:46.054[0;39m [32m INFO[0;39m [35m77[0;39m [2m---[0;39m [2m[  restartedMain][0;39m [36mo.s.w.s.handler.SimpleUrlHandlerMapping [0;39m [2m:[0;39m Mapped URL path [/webjars/**] onto handler of type [class org.springframework.web.servlet.resource.ResourceHttpRequestHandler]
[2m2018-06-14 23:01:46.058[0;39m [32m INFO[0;39m [35m77[0;39m [2m---[0;39m [2m[  restartedMain][0;39m [36mo.s.w.s.handler.SimpleUrlHandlerMapping [0;39m [2m:[0;39m Mapped URL path [/**] onto handler of type [class org.springframework.web.servlet.resource.ResourceHttpRequestHandler]
[2m2018-06-14 23:01:46.742[0;39m [32m INFO[0;39m [35m77[0;39m [2m---[0;39m [2m[  restartedMain][0;39m [36mo.s.w.s.handler.SimpleUrlHandlerMapping [0;39m [2m:[0;39m Mapped URL path [/**/favicon.ico] onto handler of type [class org.springframework.web.servlet.resource.ResourceHttpRequestHandler]
[2m2018-06-14 23:01:53.694[0;39m [32m INFO[0;39m [35m77[0;39m [2m---[0;39m [2m[  restartedMain][0;39m [36mo.s.b.d.a.OptionalLiveReloadServer      [0;39m [2m:[0;39m LiveReload server is running on port 35729
[2m2018-06-14 23:01:55.289[0;39m [33m WARN[0;39m [35m77[0;39m [2m---[0;39m [2m[  restartedMain][0;39m [36marterDeprecationWarningAutoConfiguration[0;39m [2m:[0;39m spring-cloud-starter-eureka is deprecated as of Spring Cloud Netflix 1.4.0, please migrate to spring-cloud-starter-netflix-eureka
[2m2018-06-14 23:01:55.447[0;39m [32m INFO[0;39m [35m77[0;39m [2m---[0;39m [2m[  restartedMain][0;39m [36mo.s.j.e.a.AnnotationMBeanExporter       [0;39m [2m:[0;39m Registering beans for JMX exposure on startup
[2m2018-06-14 23:01:55.505[0;39m [32m INFO[0;39m [35m77[0;39m [2m---[0;39m [2m[  restartedMain][0;39m [36mo.s.j.e.a.AnnotationMBeanExporter       [0;39m [2m:[0;39m Bean with name 'environmentManager' has been autodetected for JMX exposure
[2m2018-06-14 23:01:55.518[0;39m [32m INFO[0;39m [35m77[0;39m [2m---[0;39m [2m[  restartedMain][0;39m [36mo.s.j.e.a.AnnotationMBeanExporter       [0;39m [2m:[0;39m Bean with name 'configurationPropertiesRebinder' has been autodetected for JMX exposure
[2m2018-06-14 23:01:55.526[0;39m [32m INFO[0;39m [35m77[0;39m [2m---[0;39m [2m[  restartedMain][0;39m [36mo.s.j.e.a.AnnotationMBeanExporter       [0;39m [2m:[0;39m Bean with name 'refreshScope' has been autodetected for JMX exposure
[2m2018-06-14 23:01:55.554[0;39m [32m INFO[0;39m [35m77[0;39m [2m---[0;39m [2m[  restartedMain][0;39m [36mo.s.j.e.a.AnnotationMBeanExporter       [0;39m [2m:[0;39m Located managed bean 'environmentManager': registering with JMX server as MBean [org.springframework.cloud.context.environment:name=environmentManager,type=EnvironmentManager]
[2m2018-06-14 23:01:55.642[0;39m [32m INFO[0;39m [35m77[0;39m [2m---[0;39m [2m[  restartedMain][0;39m [36mo.s.j.e.a.AnnotationMBeanExporter       [0;39m [2m:[0;39m Located managed bean 'refreshScope': registering with JMX server as MBean [org.springframework.cloud.context.scope.refresh:name=refreshScope,type=RefreshScope]
[2m2018-06-14 23:01:55.693[0;39m [32m INFO[0;39m [35m77[0;39m [2m---[0;39m [2m[  restartedMain][0;39m [36mo.s.j.e.a.AnnotationMBeanExporter       [0;39m [2m:[0;39m Located managed bean 'configurationPropertiesRebinder': registering with JMX server as MBean [org.springframework.cloud.context.properties:name=configurationPropertiesRebinder,context=557868cb,type=ConfigurationPropertiesRebinder]
[2m2018-06-14 23:01:56.360[0;39m [32m INFO[0;39m [35m77[0;39m [2m---[0;39m [2m[  restartedMain][0;39m [36mo.s.c.support.DefaultLifecycleProcessor [0;39m [2m:[0;39m Starting beans in phase 0
[2m2018-06-14 23:01:56.393[0;39m [32m INFO[0;39m [35m77[0;39m [2m---[0;39m [2m[  restartedMain][0;39m [36mo.s.c.n.eureka.InstanceInfoFactory      [0;39m [2m:[0;39m Setting initial instance status as: STARTING
[2m2018-06-14 23:01:56.765[0;39m [32m INFO[0;39m [35m77[0;39m [2m---[0;39m [2m[  restartedMain][0;39m [36mcom.netflix.discovery.DiscoveryClient   [0;39m [2m:[0;39m Initializing Eureka in region us-east-1
[2m2018-06-14 23:01:58.273[0;39m [32m INFO[0;39m [35m77[0;39m [2m---[0;39m [2m[  restartedMain][0;39m [36mc.n.d.provider.DiscoveryJerseyProvider  [0;39m [2m:[0;39m Using JSON encoding codec LegacyJacksonJson
[2m2018-06-14 23:01:58.273[0;39m [32m INFO[0;39m [35m77[0;39m [2m---[0;39m [2m[  restartedMain][0;39m [36mc.n.d.provider.DiscoveryJerseyProvider  [0;39m [2m:[0;39m Using JSON decoding codec LegacyJacksonJson
[2m2018-06-14 23:01:58.962[0;39m [32m INFO[0;39m [35m77[0;39m [2m---[0;39m [2m[  restartedMain][0;39m [36mc.n.d.provider.DiscoveryJerseyProvider  [0;39m [2m:[0;39m Using XML encoding codec XStreamXml
[2m2018-06-14 23:01:58.962[0;39m [32m INFO[0;39m [35m77[0;39m [2m---[0;39m [2m[  restartedMain][0;39m [36mc.n.d.provider.DiscoveryJerseyProvider  [0;39m [2m:[0;39m Using XML decoding codec XStreamXml
[2m2018-06-14 23:02:00.483[0;39m [32m INFO[0;39m [35m77[0;39m [2m---[0;39m [2m[  restartedMain][0;39m [36mc.n.d.s.r.aws.ConfigClusterResolver     [0;39m [2m:[0;39m Resolving eureka endpoints via configuration
[2m2018-06-14 23:02:00.737[0;39m [32m INFO[0;39m [35m77[0;39m [2m---[0;39m [2m[  restartedMain][0;39m [36mcom.netflix.discovery.DiscoveryClient   [0;39m [2m:[0;39m Disable delta property : false
[2m2018-06-14 23:02:00.740[0;39m [32m INFO[0;39m [35m77[0;39m [2m---[0;39m [2m[  restartedMain][0;39m [36mcom.netflix.discovery.DiscoveryClient   [0;39m [2m:[0;39m Single vip registry refresh property : null
[2m2018-06-14 23:02:00.740[0;39m [32m INFO[0;39m [35m77[0;39m [2m---[0;39m [2m[  restartedMain][0;39m [36mcom.netflix.discovery.DiscoveryClient   [0;39m [2m:[0;39m Force full registry fetch : false
[2m2018-06-14 23:02:00.740[0;39m [32m INFO[0;39m [35m77[0;39m [2m---[0;39m [2m[  restartedMain][0;39m [36mcom.netflix.discovery.DiscoveryClient   [0;39m [2m:[0;39m Application is null : false
[2m2018-06-14 23:02:00.741[0;39m [32m INFO[0;39m [35m77[0;39m [2m---[0;39m [2m[  restartedMain][0;39m [36mcom.netflix.discovery.DiscoveryClient   [0;39m [2m:[0;39m Registered Applications size is zero : true
[2m2018-06-14 23:02:00.741[0;39m [32m INFO[0;39m [35m77[0;39m [2m---[0;39m [2m[  restartedMain][0;39m [36mcom.netflix.discovery.DiscoveryClient   [0;39m [2m:[0;39m Application version is -1: true
[2m2018-06-14 23:02:00.742[0;39m [32m INFO[0;39m [35m77[0;39m [2m---[0;39m [2m[  restartedMain][0;39m [36mcom.netflix.discovery.DiscoveryClient   [0;39m [2m:[0;39m Getting all instance registry info from the eureka server
[2m2018-06-14 23:02:01.803[0;39m [32m INFO[0;39m [35m77[0;39m [2m---[0;39m [2m[  restartedMain][0;39m [36mcom.netflix.discovery.DiscoveryClient   [0;39m [2m:[0;39m The response status is 200
[2m2018-06-14 23:02:01.810[0;39m [32m INFO[0;39m [35m77[0;39m [2m---[0;39m [2m[  restartedMain][0;39m [36mcom.netflix.discovery.DiscoveryClient   [0;39m [2m:[0;39m Starting heartbeat executor: renew interval is: 30
[2m2018-06-14 23:02:01.836[0;39m [32m INFO[0;39m [35m77[0;39m [2m---[0;39m [2m[  restartedMain][0;39m [36mc.n.discovery.InstanceInfoReplicator    [0;39m [2m:[0;39m InstanceInfoReplicator onDemand update allowed rate per min is 4
[2m2018-06-14 23:02:01.859[0;39m [32m INFO[0;39m [35m77[0;39m [2m---[0;39m [2m[  restartedMain][0;39m [36mcom.netflix.discovery.DiscoveryClient   [0;39m [2m:[0;39m Discovery Client initialized at timestamp 1529017321857 with initial instances count: 1
[2m2018-06-14 23:02:01.982[0;39m [32m INFO[0;39m [35m77[0;39m [2m---[0;39m [2m[  restartedMain][0;39m [36mo.s.c.n.e.s.EurekaServiceRegistry       [0;39m [2m:[0;39m Registering application nba with eureka with status UP
[2m2018-06-14 23:02:01.989[0;39m [32m INFO[0;39m [35m77[0;39m [2m---[0;39m [2m[  restartedMain][0;39m [36mcom.netflix.discovery.DiscoveryClient   [0;39m [2m:[0;39m Saw local status change event StatusChangeEvent [timestamp=1529017321989, current=UP, previous=STARTING]
[2m2018-06-14 23:02:02.013[0;39m [32m INFO[0;39m [35m77[0;39m [2m---[0;39m [2m[nfoReplicator-0][0;39m [36mcom.netflix.discovery.DiscoveryClient   [0;39m [2m:[0;39m DiscoveryClient_NBA/4001466d7e1e:nba:8081: registering service...
[2m2018-06-14 23:02:02.359[0;39m [32m INFO[0;39m [35m77[0;39m [2m---[0;39m [2m[nfoReplicator-0][0;39m [36mcom.netflix.discovery.DiscoveryClient   [0;39m [2m:[0;39m DiscoveryClient_NBA/4001466d7e1e:nba:8081 - registration status: 204
[2m2018-06-14 23:02:02.460[0;39m [32m INFO[0;39m [35m77[0;39m [2m---[0;39m [2m[  restartedMain][0;39m [36ms.b.c.e.t.TomcatEmbeddedServletContainer[0;39m [2m:[0;39m Tomcat started on port(s): 8081 (http)
[2m2018-06-14 23:02:02.463[0;39m [32m INFO[0;39m [35m77[0;39m [2m---[0;39m [2m[  restartedMain][0;39m [36m.s.c.n.e.s.EurekaAutoServiceRegistration[0;39m [2m:[0;39m Updating port to 8081
[2m2018-06-14 23:02:02.474[0;39m [32m INFO[0;39m [35m77[0;39m [2m---[0;39m [2m[  restartedMain][0;39m [36mcom.example.nbaapi.NbaApiApplication    [0;39m [2m:[0;39m Started NbaApiApplication in 97.392 seconds (JVM running for 101.996)
[2m2018-06-14 23:02:51.339[0;39m [32m INFO[0;39m [35m77[0;39m [2m---[0;39m [2m[nio-8081-exec-1][0;39m [36mo.a.c.c.C.[Tomcat].[localhost].[/]      [0;39m [2m:[0;39m Initializing Spring FrameworkServlet 'dispatcherServlet'
[2m2018-06-14 23:02:51.340[0;39m [32m INFO[0;39m [35m77[0;39m [2m---[0;39m [2m[nio-8081-exec-1][0;39m [36mo.s.web.servlet.DispatcherServlet       [0;39m [2m:[0;39m FrameworkServlet 'dispatcherServlet': initialization started
[2m2018-06-14 23:02:51.397[0;39m [32m INFO[0;39m [35m77[0;39m [2m---[0;39m [2m[nio-8081-exec-1][0;39m [36mo.s.web.servlet.DispatcherServlet       [0;39m [2m:[0;39m FrameworkServlet 'dispatcherServlet': initialization completed in 57 ms
[2m2018-06-14 23:02:57.521[0;39m [32m INFO[0;39m [35m77[0;39m [2m---[0;39m [2m[nio-8081-exec-2][0;39m [36mo.h.h.i.QueryTranslatorFactoryInitiator [0;39m [2m:[0;39m HHH000397: Using ASTQueryTranslatorFactory
thread 15: client disconnection detected, canceling the build